2011-05-03 11:16:08 Warning: Warning (2): dirname() expects parameter 1 to be string, array given in [/media/windows/wwwroot/diplomski/app/cake/libs/file.php, line 99]
2011-05-03 11:16:08 Warning: Warning (2): is_dir() expects parameter 1 to be string, array given in [/media/windows/wwwroot/diplomski/app/cake/libs/file.php, line 100]
2011-05-03 11:16:08 Warning: Warning (2): basename() expects parameter 1 to be string, array given in [/media/windows/wwwroot/diplomski/app/cake/libs/file.php, line 101]
2011-05-03 11:16:11 Warning: Warning (2): dirname() expects parameter 1 to be string, array given in [/media/windows/wwwroot/diplomski/app/cake/libs/file.php, line 99]
2011-05-03 11:16:11 Warning: Warning (2): is_dir() expects parameter 1 to be string, array given in [/media/windows/wwwroot/diplomski/app/cake/libs/file.php, line 100]
2011-05-03 11:16:11 Warning: Warning (2): basename() expects parameter 1 to be string, array given in [/media/windows/wwwroot/diplomski/app/cake/libs/file.php, line 101]
2011-05-03 11:16:36 Warning: Warning (2): dirname() expects parameter 1 to be string, array given in [/media/windows/wwwroot/diplomski/app/cake/libs/file.php, line 99]
2011-05-03 11:16:36 Warning: Warning (2): is_dir() expects parameter 1 to be string, array given in [/media/windows/wwwroot/diplomski/app/cake/libs/file.php, line 100]
2011-05-03 11:16:36 Warning: Warning (2): basename() expects parameter 1 to be string, array given in [/media/windows/wwwroot/diplomski/app/cake/libs/file.php, line 101]
2011-05-03 11:16:39 Warning: Warning (2): dirname() expects parameter 1 to be string, array given in [/media/windows/wwwroot/diplomski/app/cake/libs/file.php, line 99]
2011-05-03 11:16:39 Warning: Warning (2): is_dir() expects parameter 1 to be string, array given in [/media/windows/wwwroot/diplomski/app/cake/libs/file.php, line 100]
2011-05-03 11:16:39 Warning: Warning (2): basename() expects parameter 1 to be string, array given in [/media/windows/wwwroot/diplomski/app/cake/libs/file.php, line 101]
2011-05-03 11:17:25 Warning: Warning (2): dirname() expects parameter 1 to be string, array given in [/media/windows/wwwroot/diplomski/app/cake/libs/file.php, line 99]
2011-05-03 11:17:25 Warning: Warning (2): is_dir() expects parameter 1 to be string, array given in [/media/windows/wwwroot/diplomski/app/cake/libs/file.php, line 100]
2011-05-03 11:17:25 Warning: Warning (2): basename() expects parameter 1 to be string, array given in [/media/windows/wwwroot/diplomski/app/cake/libs/file.php, line 101]
2011-05-03 11:17:29 Warning: Warning (2): dirname() expects parameter 1 to be string, array given in [/media/windows/wwwroot/diplomski/app/cake/libs/file.php, line 99]
2011-05-03 11:17:29 Warning: Warning (2): is_dir() expects parameter 1 to be string, array given in [/media/windows/wwwroot/diplomski/app/cake/libs/file.php, line 100]
2011-05-03 11:17:29 Warning: Warning (2): basename() expects parameter 1 to be string, array given in [/media/windows/wwwroot/diplomski/app/cake/libs/file.php, line 101]
2011-05-03 11:18:45 Warning: Warning (2): dirname() expects parameter 1 to be string, array given in [/media/windows/wwwroot/diplomski/app/cake/libs/file.php, line 99]
2011-05-03 11:18:45 Warning: Warning (2): is_dir() expects parameter 1 to be string, array given in [/media/windows/wwwroot/diplomski/app/cake/libs/file.php, line 100]
2011-05-03 11:18:45 Warning: Warning (2): basename() expects parameter 1 to be string, array given in [/media/windows/wwwroot/diplomski/app/cake/libs/file.php, line 101]
2011-05-03 11:18:48 Warning: Warning (2): dirname() expects parameter 1 to be string, array given in [/media/windows/wwwroot/diplomski/app/cake/libs/file.php, line 99]
2011-05-03 11:18:48 Warning: Warning (2): is_dir() expects parameter 1 to be string, array given in [/media/windows/wwwroot/diplomski/app/cake/libs/file.php, line 100]
2011-05-03 11:18:48 Warning: Warning (2): basename() expects parameter 1 to be string, array given in [/media/windows/wwwroot/diplomski/app/cake/libs/file.php, line 101]
2011-05-03 11:18:50 Warning: Warning (2): dirname() expects parameter 1 to be string, array given in [/media/windows/wwwroot/diplomski/app/cake/libs/file.php, line 99]
2011-05-03 11:18:50 Warning: Warning (2): is_dir() expects parameter 1 to be string, array given in [/media/windows/wwwroot/diplomski/app/cake/libs/file.php, line 100]
2011-05-03 11:18:50 Warning: Warning (2): basename() expects parameter 1 to be string, array given in [/media/windows/wwwroot/diplomski/app/cake/libs/file.php, line 101]
2011-05-03 11:20:23 Warning: Warning (2): dirname() expects parameter 1 to be string, array given in [/media/windows/wwwroot/diplomski/app/cake/libs/file.php, line 99]
2011-05-03 11:20:23 Warning: Warning (2): is_dir() expects parameter 1 to be string, array given in [/media/windows/wwwroot/diplomski/app/cake/libs/file.php, line 100]
2011-05-03 11:20:23 Warning: Warning (2): basename() expects parameter 1 to be string, array given in [/media/windows/wwwroot/diplomski/app/cake/libs/file.php, line 101]
2011-05-03 11:20:26 Warning: Warning (2): dirname() expects parameter 1 to be string, array given in [/media/windows/wwwroot/diplomski/app/cake/libs/file.php, line 99]
2011-05-03 11:20:26 Warning: Warning (2): is_dir() expects parameter 1 to be string, array given in [/media/windows/wwwroot/diplomski/app/cake/libs/file.php, line 100]
2011-05-03 11:20:26 Warning: Warning (2): basename() expects parameter 1 to be string, array given in [/media/windows/wwwroot/diplomski/app/cake/libs/file.php, line 101]
2011-05-03 11:21:25 Warning: Warning (2): dirname() expects parameter 1 to be string, array given in [/media/windows/wwwroot/diplomski/app/cake/libs/file.php, line 99]
2011-05-03 11:21:25 Warning: Warning (2): is_dir() expects parameter 1 to be string, array given in [/media/windows/wwwroot/diplomski/app/cake/libs/file.php, line 100]
2011-05-03 11:21:25 Warning: Warning (2): basename() expects parameter 1 to be string, array given in [/media/windows/wwwroot/diplomski/app/cake/libs/file.php, line 101]
2011-05-03 11:21:28 Warning: Warning (2): dirname() expects parameter 1 to be string, array given in [/media/windows/wwwroot/diplomski/app/cake/libs/file.php, line 99]
2011-05-03 11:21:28 Warning: Warning (2): is_dir() expects parameter 1 to be string, array given in [/media/windows/wwwroot/diplomski/app/cake/libs/file.php, line 100]
2011-05-03 11:21:28 Warning: Warning (2): basename() expects parameter 1 to be string, array given in [/media/windows/wwwroot/diplomski/app/cake/libs/file.php, line 101]
2011-05-03 11:21:44 Warning: Warning (2): dirname() expects parameter 1 to be string, array given in [/media/windows/wwwroot/diplomski/app/cake/libs/file.php, line 99]
2011-05-03 11:21:45 Warning: Warning (2): is_dir() expects parameter 1 to be string, array given in [/media/windows/wwwroot/diplomski/app/cake/libs/file.php, line 100]
2011-05-03 11:21:45 Warning: Warning (2): basename() expects parameter 1 to be string, array given in [/media/windows/wwwroot/diplomski/app/cake/libs/file.php, line 101]
2011-05-03 11:21:47 Warning: Warning (2): dirname() expects parameter 1 to be string, array given in [/media/windows/wwwroot/diplomski/app/cake/libs/file.php, line 99]
2011-05-03 11:21:47 Warning: Warning (2): is_dir() expects parameter 1 to be string, array given in [/media/windows/wwwroot/diplomski/app/cake/libs/file.php, line 100]
2011-05-03 11:21:47 Warning: Warning (2): basename() expects parameter 1 to be string, array given in [/media/windows/wwwroot/diplomski/app/cake/libs/file.php, line 101]
2011-05-03 11:22:14 Warning: Warning (2): dirname() expects parameter 1 to be string, array given in [/media/windows/wwwroot/diplomski/app/cake/libs/file.php, line 99]
2011-05-03 11:22:14 Warning: Warning (2): is_dir() expects parameter 1 to be string, array given in [/media/windows/wwwroot/diplomski/app/cake/libs/file.php, line 100]
2011-05-03 11:22:14 Warning: Warning (2): basename() expects parameter 1 to be string, array given in [/media/windows/wwwroot/diplomski/app/cake/libs/file.php, line 101]
2011-05-03 11:22:17 Warning: Warning (2): dirname() expects parameter 1 to be string, array given in [/media/windows/wwwroot/diplomski/app/cake/libs/file.php, line 99]
2011-05-03 11:22:17 Warning: Warning (2): is_dir() expects parameter 1 to be string, array given in [/media/windows/wwwroot/diplomski/app/cake/libs/file.php, line 100]
2011-05-03 11:22:17 Warning: Warning (2): basename() expects parameter 1 to be string, array given in [/media/windows/wwwroot/diplomski/app/cake/libs/file.php, line 101]
2011-05-03 11:22:58 Warning: Warning (2): dirname() expects parameter 1 to be string, array given in [/media/windows/wwwroot/diplomski/app/cake/libs/file.php, line 99]
2011-05-03 11:22:58 Warning: Warning (2): is_dir() expects parameter 1 to be string, array given in [/media/windows/wwwroot/diplomski/app/cake/libs/file.php, line 100]
2011-05-03 11:22:58 Warning: Warning (2): basename() expects parameter 1 to be string, array given in [/media/windows/wwwroot/diplomski/app/cake/libs/file.php, line 101]
2011-05-03 11:23:01 Warning: Warning (2): dirname() expects parameter 1 to be string, array given in [/media/windows/wwwroot/diplomski/app/cake/libs/file.php, line 99]
2011-05-03 11:23:01 Warning: Warning (2): is_dir() expects parameter 1 to be string, array given in [/media/windows/wwwroot/diplomski/app/cake/libs/file.php, line 100]
2011-05-03 11:23:01 Warning: Warning (2): basename() expects parameter 1 to be string, array given in [/media/windows/wwwroot/diplomski/app/cake/libs/file.php, line 101]
2011-05-03 11:24:08 Warning: Warning (2): dirname() expects parameter 1 to be string, array given in [/media/windows/wwwroot/diplomski/app/cake/libs/file.php, line 99]
2011-05-03 11:24:08 Warning: Warning (2): is_dir() expects parameter 1 to be string, array given in [/media/windows/wwwroot/diplomski/app/cake/libs/file.php, line 100]
2011-05-03 11:24:08 Warning: Warning (2): basename() expects parameter 1 to be string, array given in [/media/windows/wwwroot/diplomski/app/cake/libs/file.php, line 101]
2011-05-03 11:24:09 Warning: Warning (2): dirname() expects parameter 1 to be string, array given in [/media/windows/wwwroot/diplomski/app/cake/libs/file.php, line 99]
2011-05-03 11:24:09 Warning: Warning (2): is_dir() expects parameter 1 to be string, array given in [/media/windows/wwwroot/diplomski/app/cake/libs/file.php, line 100]
2011-05-03 11:24:09 Warning: Warning (2): basename() expects parameter 1 to be string, array given in [/media/windows/wwwroot/diplomski/app/cake/libs/file.php, line 101]
2011-05-03 11:24:09 Warning: Warning (2): dirname() expects parameter 1 to be string, array given in [/media/windows/wwwroot/diplomski/app/cake/libs/file.php, line 99]
2011-05-03 11:24:09 Warning: Warning (2): is_dir() expects parameter 1 to be string, array given in [/media/windows/wwwroot/diplomski/app/cake/libs/file.php, line 100]
2011-05-03 11:24:09 Warning: Warning (2): basename() expects parameter 1 to be string, array given in [/media/windows/wwwroot/diplomski/app/cake/libs/file.php, line 101]
2011-05-03 11:24:11 Warning: Warning (2): dirname() expects parameter 1 to be string, array given in [/media/windows/wwwroot/diplomski/app/cake/libs/file.php, line 99]
2011-05-03 11:24:11 Warning: Warning (2): is_dir() expects parameter 1 to be string, array given in [/media/windows/wwwroot/diplomski/app/cake/libs/file.php, line 100]
2011-05-03 11:24:11 Warning: Warning (2): basename() expects parameter 1 to be string, array given in [/media/windows/wwwroot/diplomski/app/cake/libs/file.php, line 101]
2011-05-03 11:24:12 Warning: Warning (2): dirname() expects parameter 1 to be string, array given in [/media/windows/wwwroot/diplomski/app/cake/libs/file.php, line 99]
2011-05-03 11:24:12 Warning: Warning (2): is_dir() expects parameter 1 to be string, array given in [/media/windows/wwwroot/diplomski/app/cake/libs/file.php, line 100]
2011-05-03 11:24:12 Warning: Warning (2): basename() expects parameter 1 to be string, array given in [/media/windows/wwwroot/diplomski/app/cake/libs/file.php, line 101]
2011-05-03 11:24:14 Warning: Warning (2): dirname() expects parameter 1 to be string, array given in [/media/windows/wwwroot/diplomski/app/cake/libs/file.php, line 99]
2011-05-03 11:24:14 Warning: Warning (2): is_dir() expects parameter 1 to be string, array given in [/media/windows/wwwroot/diplomski/app/cake/libs/file.php, line 100]
2011-05-03 11:24:14 Warning: Warning (2): basename() expects parameter 1 to be string, array given in [/media/windows/wwwroot/diplomski/app/cake/libs/file.php, line 101]
2011-05-03 11:24:15 Warning: Warning (2): dirname() expects parameter 1 to be string, array given in [/media/windows/wwwroot/diplomski/app/cake/libs/file.php, line 99]
2011-05-03 11:24:15 Warning: Warning (2): is_dir() expects parameter 1 to be string, array given in [/media/windows/wwwroot/diplomski/app/cake/libs/file.php, line 100]
2011-05-03 11:24:15 Warning: Warning (2): basename() expects parameter 1 to be string, array given in [/media/windows/wwwroot/diplomski/app/cake/libs/file.php, line 101]
2011-05-03 11:24:17 Warning: Warning (2): dirname() expects parameter 1 to be string, array given in [/media/windows/wwwroot/diplomski/app/cake/libs/file.php, line 99]
2011-05-03 11:24:17 Warning: Warning (2): is_dir() expects parameter 1 to be string, array given in [/media/windows/wwwroot/diplomski/app/cake/libs/file.php, line 100]
2011-05-03 11:24:17 Warning: Warning (2): basename() expects parameter 1 to be string, array given in [/media/windows/wwwroot/diplomski/app/cake/libs/file.php, line 101]
2011-05-03 11:24:21 Warning: Warning (2): dirname() expects parameter 1 to be string, array given in [/media/windows/wwwroot/diplomski/app/cake/libs/file.php, line 99]
2011-05-03 11:24:21 Warning: Warning (2): is_dir() expects parameter 1 to be string, array given in [/media/windows/wwwroot/diplomski/app/cake/libs/file.php, line 100]
2011-05-03 11:24:21 Warning: Warning (2): basename() expects parameter 1 to be string, array given in [/media/windows/wwwroot/diplomski/app/cake/libs/file.php, line 101]
2011-05-03 11:24:23 Warning: Warning (2): dirname() expects parameter 1 to be string, array given in [/media/windows/wwwroot/diplomski/app/cake/libs/file.php, line 99]
2011-05-03 11:24:23 Warning: Warning (2): is_dir() expects parameter 1 to be string, array given in [/media/windows/wwwroot/diplomski/app/cake/libs/file.php, line 100]
2011-05-03 11:24:23 Warning: Warning (2): basename() expects parameter 1 to be string, array given in [/media/windows/wwwroot/diplomski/app/cake/libs/file.php, line 101]
2011-05-03 11:28:47 Warning: Warning (2): dirname() expects parameter 1 to be string, array given in [/media/windows/wwwroot/diplomski/app/cake/libs/file.php, line 99]
2011-05-03 11:28:47 Warning: Warning (2): is_dir() expects parameter 1 to be string, array given in [/media/windows/wwwroot/diplomski/app/cake/libs/file.php, line 100]
2011-05-03 11:28:47 Warning: Warning (2): basename() expects parameter 1 to be string, array given in [/media/windows/wwwroot/diplomski/app/cake/libs/file.php, line 101]
2011-05-03 11:30:05 Warning: Warning (2): dirname() expects parameter 1 to be string, array given in [/media/windows/wwwroot/diplomski/app/cake/libs/file.php, line 99]
2011-05-03 11:30:05 Warning: Warning (2): is_dir() expects parameter 1 to be string, array given in [/media/windows/wwwroot/diplomski/app/cake/libs/file.php, line 100]
2011-05-03 11:30:05 Warning: Warning (2): basename() expects parameter 1 to be string, array given in [/media/windows/wwwroot/diplomski/app/cake/libs/file.php, line 101]
2011-05-03 11:30:11 Warning: Warning (2): dirname() expects parameter 1 to be string, array given in [/media/windows/wwwroot/diplomski/app/cake/libs/file.php, line 99]
2011-05-03 11:30:11 Warning: Warning (2): is_dir() expects parameter 1 to be string, array given in [/media/windows/wwwroot/diplomski/app/cake/libs/file.php, line 100]
2011-05-03 11:30:11 Warning: Warning (2): basename() expects parameter 1 to be string, array given in [/media/windows/wwwroot/diplomski/app/cake/libs/file.php, line 101]
2011-05-03 11:30:31 Warning: Warning (2): dirname() expects parameter 1 to be string, array given in [/media/windows/wwwroot/diplomski/app/cake/libs/file.php, line 99]
2011-05-03 11:30:31 Warning: Warning (2): is_dir() expects parameter 1 to be string, array given in [/media/windows/wwwroot/diplomski/app/cake/libs/file.php, line 100]
2011-05-03 11:30:31 Warning: Warning (2): basename() expects parameter 1 to be string, array given in [/media/windows/wwwroot/diplomski/app/cake/libs/file.php, line 101]
2011-05-03 11:30:33 Warning: Warning (2): dirname() expects parameter 1 to be string, array given in [/media/windows/wwwroot/diplomski/app/cake/libs/file.php, line 99]
2011-05-03 11:30:33 Warning: Warning (2): is_dir() expects parameter 1 to be string, array given in [/media/windows/wwwroot/diplomski/app/cake/libs/file.php, line 100]
2011-05-03 11:30:34 Warning: Warning (2): basename() expects parameter 1 to be string, array given in [/media/windows/wwwroot/diplomski/app/cake/libs/file.php, line 101]
2011-05-03 11:31:41 Warning: Warning (2): dirname() expects parameter 1 to be string, array given in [/media/windows/wwwroot/diplomski/app/cake/libs/file.php, line 99]
2011-05-03 11:31:41 Warning: Warning (2): is_dir() expects parameter 1 to be string, array given in [/media/windows/wwwroot/diplomski/app/cake/libs/file.php, line 100]
2011-05-03 11:31:41 Warning: Warning (2): basename() expects parameter 1 to be string, array given in [/media/windows/wwwroot/diplomski/app/cake/libs/file.php, line 101]
2011-05-03 11:33:23 Warning: Warning (2): dirname() expects parameter 1 to be string, array given in [/media/windows/wwwroot/diplomski/app/cake/libs/file.php, line 99]
2011-05-03 11:33:23 Warning: Warning (2): is_dir() expects parameter 1 to be string, array given in [/media/windows/wwwroot/diplomski/app/cake/libs/file.php, line 100]
2011-05-03 11:33:23 Warning: Warning (2): basename() expects parameter 1 to be string, array given in [/media/windows/wwwroot/diplomski/app/cake/libs/file.php, line 101]
2011-05-03 11:34:57 Warning: Warning (2): dirname() expects parameter 1 to be string, array given in [/media/windows/wwwroot/diplomski/app/cake/libs/file.php, line 99]
2011-05-03 11:34:58 Warning: Warning (2): is_dir() expects parameter 1 to be string, array given in [/media/windows/wwwroot/diplomski/app/cake/libs/file.php, line 100]
2011-05-03 11:34:58 Warning: Warning (2): basename() expects parameter 1 to be string, array given in [/media/windows/wwwroot/diplomski/app/cake/libs/file.php, line 101]
2011-05-03 11:44:21 Warning: Warning (2): fread() expects parameter 2 to be long, string given in [/media/windows/wwwroot/diplomski/app/app/controllers/uploads_controller.php, line 14]
2011-05-07 12:43:22 Warning: Warning (512): <span style="color:Red;text-align:left"><b>SQL Error:</b> 1064: You have an error in your SQL syntax; check the manual that corresponds to your MySQL server version for the right syntax to use near ''180'))' at line 1</span> in [/media/windows/wwwroot/diplomski/app/cake/libs/model/datasources/dbo_source.php, line 684]
2011-05-07 12:47:28 Warning: Warning (512): <span style="color:Red;text-align:left"><b>SQL Error:</b> 1064: You have an error in your SQL syntax; check the manual that corresponds to your MySQL server version for the right syntax to use near ''180'))' at line 1</span> in [/media/windows/wwwroot/diplomski/app/cake/libs/model/datasources/dbo_source.php, line 684]
2011-05-08 07:53:01 Warning: Warning (512): <span style="color:Red;text-align:left"><b>SQL Error:</b> 1048: Column 'title' cannot be null</span> in [/media/windows/wwwroot/diplomski/app/cake/libs/model/datasources/dbo_source.php, line 684]
2011-05-14 16:59:12 Warning: Warning (512): <span style="color:Red;text-align:left"><b>SQL Error:</b> 1054: Unknown column 'Pin.category' in 'where clause'</span> in [/media/windows/wwwroot/diplomski/cake/libs/model/datasources/dbo_source.php, line 684]
2011-05-14 16:59:12 Warning: Warning (2): Invalid argument supplied for foreach() in [/media/windows/wwwroot/diplomski/app/controllers/pins_controller.php, line 74]
2011-05-14 16:59:12 Warning: Warning (2): Cannot modify header information - headers already sent by (output started at /media/windows/wwwroot/diplomski/cake/libs/debugger.php:673) in [/media/windows/wwwroot/diplomski/app/views/pins/list_markers.ctp, line 2]
2011-05-14 19:22:27 Warning: Warning (2): Invalid argument supplied for foreach() in [/media/windows/wwwroot/diplomski/app/views/pages/profile_settings.ctp, line 32]
2011-05-14 19:49:57 Warning: Warning (2): Invalid argument supplied for foreach() in [/media/windows/wwwroot/diplomski/app/views/pages/profile_settings.ctp, line 32]
2011-05-14 19:50:34 Warning: Warning (2): Invalid argument supplied for foreach() in [/media/windows/wwwroot/diplomski/app/views/pages/profile_settings.ctp, line 32]
2011-05-14 19:51:29 Warning: Warning (2): Invalid argument supplied for foreach() in [/media/windows/wwwroot/diplomski/app/views/pages/profile_settings.ctp, line 32]
2011-05-14 19:51:30 Warning: Warning (2): Invalid argument supplied for foreach() in [/media/windows/wwwroot/diplomski/app/views/pages/profile_settings.ctp, line 32]
2011-05-14 19:51:30 Warning: Warning (2): Invalid argument supplied for foreach() in [/media/windows/wwwroot/diplomski/app/views/pages/profile_settings.ctp, line 32]
2011-05-14 19:51:49 Warning: Warning (2): Invalid argument supplied for foreach() in [/media/windows/wwwroot/diplomski/app/views/pages/profile_settings.ctp, line 32]
2011-05-14 19:51:50 Warning: Warning (2): Invalid argument supplied for foreach() in [/media/windows/wwwroot/diplomski/app/views/pages/profile_settings.ctp, line 32]
2011-05-14 19:51:50 Warning: Warning (2): Invalid argument supplied for foreach() in [/media/windows/wwwroot/diplomski/app/views/pages/profile_settings.ctp, line 32]
2011-05-14 19:51:50 Warning: Warning (2): Invalid argument supplied for foreach() in [/media/windows/wwwroot/diplomski/app/views/pages/profile_settings.ctp, line 32]
2011-05-14 19:53:31 Warning: Warning (2): Invalid argument supplied for foreach() in [/media/windows/wwwroot/diplomski/app/views/pages/profile_settings.ctp, line 32]
2011-05-14 19:53:31 Warning: Warning (2): Invalid argument supplied for foreach() in [/media/windows/wwwroot/diplomski/app/views/pages/profile_settings.ctp, line 32]
2011-05-14 19:53:31 Warning: Warning (2): Invalid argument supplied for foreach() in [/media/windows/wwwroot/diplomski/app/views/pages/profile_settings.ctp, line 32]
2011-05-14 19:54:06 Warning: Warning (2): Invalid argument supplied for foreach() in [/media/windows/wwwroot/diplomski/app/views/pages/profile_settings.ctp, line 32]
2011-05-14 19:54:06 Warning: Warning (2): Invalid argument supplied for foreach() in [/media/windows/wwwroot/diplomski/app/views/pages/profile_settings.ctp, line 32]
2011-05-14 19:55:40 Warning: Warning (2): Invalid argument supplied for foreach() in [/media/windows/wwwroot/diplomski/app/views/pages/profile_settings.ctp, line 32]
2011-05-14 19:55:40 Warning: Warning (2): Invalid argument supplied for foreach() in [/media/windows/wwwroot/diplomski/app/views/pages/profile_settings.ctp, line 32]
2011-05-14 19:57:41 Warning: Warning (2): Invalid argument supplied for foreach() in [/media/windows/wwwroot/diplomski/app/views/pages/profile_settings.ctp, line 32]
2011-05-14 19:57:41 Warning: Warning (2): Invalid argument supplied for foreach() in [/media/windows/wwwroot/diplomski/app/views/pages/profile_settings.ctp, line 32]
2011-05-14 19:59:37 Warning: Warning (2): Invalid argument supplied for foreach() in [/media/windows/wwwroot/diplomski/app/views/pages/profile_settings.ctp, line 32]
2011-05-14 19:59:37 Warning: Warning (2): Invalid argument supplied for foreach() in [/media/windows/wwwroot/diplomski/app/views/pages/profile_settings.ctp, line 32]
2011-05-14 20:00:09 Warning: Warning (2): Invalid argument supplied for foreach() in [/media/windows/wwwroot/diplomski/app/views/pages/profile_settings.ctp, line 32]
2011-05-14 21:53:39 Warning: Warning (2): Invalid argument supplied for foreach() in [/media/windows/wwwroot/diplomski/app/views/pages/profile_settings.ctp, line 33]
2011-05-14 21:54:20 Warning: Warning (2): Invalid argument supplied for foreach() in [/media/windows/wwwroot/diplomski/app/views/pages/profile_settings.ctp, line 34]
2011-05-22 11:57:33 Warning: Warning (2): in_array() expects parameter 2 to be array, string given in [/media/windows/wwwroot/diplomski/cake/libs/controller/scaffold.php, line 467]
2011-05-22 11:57:46 Warning: Warning (2): in_array() expects parameter 2 to be array, string given in [/media/windows/wwwroot/diplomski/cake/libs/controller/scaffold.php, line 467]
2011-05-22 16:46:49 Warning: Warning (512): <span style="color:Red;text-align:left"><b>SQL Error:</b> 1054: Unknown column 'Category.id' in 'field list'</span> in [/media/windows/wwwroot/diplomski/cake/libs/model/datasources/dbo_source.php, line 684]
2011-05-22 16:46:49 Warning: Warning (2): Invalid argument supplied for foreach() in [/media/windows/wwwroot/diplomski/app/controllers/pins_controller.php, line 74]
2011-05-22 16:46:49 Warning: Warning (2): Cannot modify header information - headers already sent by (output started at /media/windows/wwwroot/diplomski/cake/libs/debugger.php:673) in [/media/windows/wwwroot/diplomski/app/views/pins/list_markers.ctp, line 2]
2011-05-22 16:46:53 Warning: Warning (512): <span style="color:Red;text-align:left"><b>SQL Error:</b> 1054: Unknown column 'Category.id' in 'field list'</span> in [/media/windows/wwwroot/diplomski/cake/libs/model/datasources/dbo_source.php, line 684]
2011-05-22 16:46:53 Warning: Warning (2): Invalid argument supplied for foreach() in [/media/windows/wwwroot/diplomski/app/controllers/pins_controller.php, line 74]
2011-05-22 16:46:53 Warning: Warning (2): Cannot modify header information - headers already sent by (output started at /media/windows/wwwroot/diplomski/cake/libs/debugger.php:673) in [/media/windows/wwwroot/diplomski/app/views/pins/list_markers.ctp, line 2]
2011-05-22 16:46:57 Warning: Warning (512): <span style="color:Red;text-align:left"><b>SQL Error:</b> 1054: Unknown column 'Category.id' in 'field list'</span> in [/media/windows/wwwroot/diplomski/cake/libs/model/datasources/dbo_source.php, line 684]
2011-05-22 16:46:57 Warning: Warning (2): Invalid argument supplied for foreach() in [/media/windows/wwwroot/diplomski/app/controllers/pins_controller.php, line 74]
2011-05-22 16:46:57 Warning: Warning (2): Cannot modify header information - headers already sent by (output started at /media/windows/wwwroot/diplomski/cake/libs/debugger.php:673) in [/media/windows/wwwroot/diplomski/app/views/pins/list_markers.ctp, line 2]
2011-05-22 16:47:09 Warning: Warning (512): <span style="color:Red;text-align:left"><b>SQL Error:</b> 1054: Unknown column 'Category.id' in 'field list'</span> in [/media/windows/wwwroot/diplomski/cake/libs/model/datasources/dbo_source.php, line 684]
2011-05-22 16:47:09 Warning: Warning (2): Invalid argument supplied for foreach() in [/media/windows/wwwroot/diplomski/app/controllers/pins_controller.php, line 74]
2011-05-22 16:47:09 Warning: Warning (2): Cannot modify header information - headers already sent by (output started at /media/windows/wwwroot/diplomski/cake/libs/debugger.php:673) in [/media/windows/wwwroot/diplomski/app/views/pins/list_markers.ctp, line 2]
2011-05-22 16:49:16 Warning: Warning (512): <span style="color:Red;text-align:left"><b>SQL Error:</b> 1054: Unknown column 'Category.id' in 'field list'</span> in [/media/windows/wwwroot/diplomski/cake/libs/model/datasources/dbo_source.php, line 684]
2011-05-22 16:49:16 Warning: Warning (2): Invalid argument supplied for foreach() in [/media/windows/wwwroot/diplomski/app/controllers/pins_controller.php, line 73]
2011-05-22 16:49:16 Warning: Warning (2): Cannot modify header information - headers already sent by (output started at /media/windows/wwwroot/diplomski/cake/libs/debugger.php:673) in [/media/windows/wwwroot/diplomski/app/views/pins/list_markers.ctp, line 2]
2011-05-22 16:50:03 Warning: Warning (512): <span style="color:Red;text-align:left"><b>SQL Error:</b> 1054: Unknown column 'Category.id' in 'field list'</span> in [/media/windows/wwwroot/diplomski/cake/libs/model/datasources/dbo_source.php, line 684]
2011-05-22 16:50:03 Warning: Warning (2): Invalid argument supplied for foreach() in [/media/windows/wwwroot/diplomski/app/controllers/pins_controller.php, line 74]
2011-05-22 16:50:03 Warning: Warning (2): Cannot modify header information - headers already sent by (output started at /media/windows/wwwroot/diplomski/cake/libs/debugger.php:673) in [/media/windows/wwwroot/diplomski/app/views/pins/list_markers.ctp, line 2]
2011-05-22 16:53:37 Warning: Warning (512): <span style="color:Red;text-align:left"><b>SQL Error:</b> 1054: Unknown column 'Category.id' in 'field list'</span> in [/media/windows/wwwroot/diplomski/cake/libs/model/datasources/dbo_source.php, line 684]
2011-05-22 17:39:21 Warning: Warning (512): <span style="color:Red;text-align:left"><b>SQL Error:</b> 1054: Unknown column 'CategoryPin.category_id' in 'field list'</span> in [/media/windows/wwwroot/diplomski/cake/libs/model/datasources/dbo_source.php, line 684]
2011-05-22 17:40:17 Warning: Warning (512): <span style="color:Red;text-align:left"><b>SQL Error:</b> 1054: Unknown column 'Category.id' in 'field list'</span> in [/media/windows/wwwroot/diplomski/cake/libs/model/datasources/dbo_source.php, line 684]
2011-05-22 17:41:30 Warning: Warning (2): array_merge() [http://php.net/function.array-merge]: Argument #1 is not an array in [/media/windows/wwwroot/diplomski/app/controllers/pins_controller.php, line 75]
2011-05-22 17:41:30 Warning: Warning (2): Cannot modify header information - headers already sent by (output started at /media/windows/wwwroot/diplomski/cake/libs/debugger.php:673) in [/media/windows/wwwroot/diplomski/app/views/pins/list_markers.ctp, line 2]
2011-05-22 17:44:14 Warning: Warning (2): array_merge() [http://php.net/function.array-merge]: Argument #2 is not an array in [/media/windows/wwwroot/diplomski/app/controllers/pins_controller.php, line 77]
2011-05-22 17:44:14 Warning: Warning (2): Cannot modify header information - headers already sent by (output started at /media/windows/wwwroot/diplomski/cake/libs/debugger.php:673) in [/media/windows/wwwroot/diplomski/app/views/pins/list_markers.ctp, line 2]
2011-05-22 17:44:29 Warning: Warning (2): array_merge() [http://php.net/function.array-merge]: Argument #2 is not an array in [/media/windows/wwwroot/diplomski/app/controllers/pins_controller.php, line 77]
2011-05-22 17:44:29 Warning: Warning (2): Cannot modify header information - headers already sent by (output started at /media/windows/wwwroot/diplomski/cake/libs/debugger.php:673) in [/media/windows/wwwroot/diplomski/app/views/pins/list_markers.ctp, line 2]
2011-05-22 17:44:31 Warning: Warning (2): array_merge() [http://php.net/function.array-merge]: Argument #2 is not an array in [/media/windows/wwwroot/diplomski/app/controllers/pins_controller.php, line 77]
2011-05-22 17:44:31 Warning: Warning (2): Cannot modify header information - headers already sent by (output started at /media/windows/wwwroot/diplomski/cake/libs/debugger.php:673) in [/media/windows/wwwroot/diplomski/app/views/pins/list_markers.ctp, line 2]
2011-05-22 17:44:32 Warning: Warning (2): array_merge() [http://php.net/function.array-merge]: Argument #2 is not an array in [/media/windows/wwwroot/diplomski/app/controllers/pins_controller.php, line 77]
2011-05-22 17:44:32 Warning: Warning (2): Cannot modify header information - headers already sent by (output started at /media/windows/wwwroot/diplomski/cake/libs/debugger.php:673) in [/media/windows/wwwroot/diplomski/app/views/pins/list_markers.ctp, line 2]
2011-05-22 17:44:35 Warning: Warning (2): array_merge() [http://php.net/function.array-merge]: Argument #2 is not an array in [/media/windows/wwwroot/diplomski/app/controllers/pins_controller.php, line 77]
2011-05-22 17:44:35 Warning: Warning (2): Cannot modify header information - headers already sent by (output started at /media/windows/wwwroot/diplomski/cake/libs/debugger.php:673) in [/media/windows/wwwroot/diplomski/app/views/pins/list_markers.ctp, line 2]
2011-05-22 17:44:44 Warning: Warning (2): array_merge() [http://php.net/function.array-merge]: Argument #2 is not an array in [/media/windows/wwwroot/diplomski/app/controllers/pins_controller.php, line 77]
2011-05-22 17:44:44 Warning: Warning (2): array_merge() [http://php.net/function.array-merge]: Argument #2 is not an array in [/media/windows/wwwroot/diplomski/app/controllers/pins_controller.php, line 77]
2011-05-22 17:44:55 Warning: Warning (2): array_merge() [http://php.net/function.array-merge]: Argument #2 is not an array in [/media/windows/wwwroot/diplomski/app/controllers/pins_controller.php, line 77]
2011-05-22 17:44:55 Warning: Warning (2): Cannot modify header information - headers already sent by (output started at /media/windows/wwwroot/diplomski/cake/libs/debugger.php:673) in [/media/windows/wwwroot/diplomski/app/views/pins/list_markers.ctp, line 2]
2011-05-23 19:37:17 Warning: Warning (512): <span style="color:Red;text-align:left"><b>SQL Error:</b> 1054: Unknown column 'CategoryPin.category_id' in 'where clause'</span> in [/media/windows/wwwroot/diplomski/cake/libs/model/datasources/dbo_source.php, line 684]
2011-05-23 19:37:17 Warning: Warning (2): Invalid argument supplied for foreach() in [/media/windows/wwwroot/diplomski/app/controllers/pins_controller.php, line 72]
2011-05-23 19:37:17 Warning: Warning (2): Cannot modify header information - headers already sent by (output started at /media/windows/wwwroot/diplomski/cake/libs/debugger.php:673) in [/media/windows/wwwroot/diplomski/app/views/pins/list_markers.ctp, line 2]
2011-05-23 19:37:21 Warning: Warning (512): <span style="color:Red;text-align:left"><b>SQL Error:</b> 1054: Unknown column 'CategoryPin.category_id' in 'where clause'</span> in [/media/windows/wwwroot/diplomski/cake/libs/model/datasources/dbo_source.php, line 684]
2011-05-23 19:37:21 Warning: Warning (2): Invalid argument supplied for foreach() in [/media/windows/wwwroot/diplomski/app/controllers/pins_controller.php, line 72]
2011-05-23 19:37:21 Warning: Warning (2): Cannot modify header information - headers already sent by (output started at /media/windows/wwwroot/diplomski/cake/libs/debugger.php:673) in [/media/windows/wwwroot/diplomski/app/views/pins/list_markers.ctp, line 2]
2011-05-23 19:37:32 Warning: Warning (512): <span style="color:Red;text-align:left"><b>SQL Error:</b> 1054: Unknown column 'CategoryPin.category_id' in 'where clause'</span> in [/media/windows/wwwroot/diplomski/cake/libs/model/datasources/dbo_source.php, line 684]
2011-05-23 19:37:32 Warning: Warning (2): Invalid argument supplied for foreach() in [/media/windows/wwwroot/diplomski/app/controllers/pins_controller.php, line 72]
2011-05-23 19:37:32 Warning: Warning (2): Cannot modify header information - headers already sent by (output started at /media/windows/wwwroot/diplomski/cake/libs/debugger.php:673) in [/media/windows/wwwroot/diplomski/app/views/pins/list_markers.ctp, line 2]
2011-05-23 19:40:02 Warning: Warning (512): <span style="color:Red;text-align:left"><b>SQL Error:</b> 1054: Unknown column 'Category.id' in 'where clause'</span> in [/media/windows/wwwroot/diplomski/cake/libs/model/datasources/dbo_source.php, line 684]
2011-05-23 19:40:02 Warning: Warning (2): Invalid argument supplied for foreach() in [/media/windows/wwwroot/diplomski/app/controllers/pins_controller.php, line 72]
2011-05-23 19:40:02 Warning: Warning (2): Cannot modify header information - headers already sent by (output started at /media/windows/wwwroot/diplomski/cake/libs/debugger.php:673) in [/media/windows/wwwroot/diplomski/app/views/pins/list_markers.ctp, line 2]
2011-05-23 19:40:17 Warning: Warning (2): Cannot modify header information - headers already sent by (output started at /media/windows/wwwroot/diplomski/cake/basics.php:119) in [/media/windows/wwwroot/diplomski/app/views/pins/list_markers.ctp, line 2]
2011-05-23 19:40:38 Warning: Warning (512): <span style="color:Red;text-align:left"><b>SQL Error:</b> 1054: Unknown column 'Category' in 'where clause'</span> in [/media/windows/wwwroot/diplomski/cake/libs/model/datasources/dbo_source.php, line 684]
2011-05-23 19:40:38 Warning: Warning (2): Invalid argument supplied for foreach() in [/media/windows/wwwroot/diplomski/app/controllers/pins_controller.php, line 73]
2011-05-23 19:40:38 Warning: Warning (2): Cannot modify header information - headers already sent by (output started at /media/windows/wwwroot/diplomski/cake/libs/debugger.php:673) in [/media/windows/wwwroot/diplomski/app/views/pins/list_markers.ctp, line 2]
2011-05-23 19:45:09 Warning: Warning (512): <span style="color:Red;text-align:left"><b>SQL Error:</b> 1054: Unknown column 'Category' in 'where clause'</span> in [/media/windows/wwwroot/diplomski/cake/libs/model/datasources/dbo_source.php, line 684]
2011-05-23 19:45:09 Warning: Warning (2): Invalid argument supplied for foreach() in [/media/windows/wwwroot/diplomski/app/controllers/pins_controller.php, line 73]
2011-05-23 19:45:09 Warning: Warning (2): Cannot modify header information - headers already sent by (output started at /media/windows/wwwroot/diplomski/cake/libs/debugger.php:673) in [/media/windows/wwwroot/diplomski/app/views/pins/list_markers.ctp, line 2]
2011-05-23 19:45:41 Warning: Warning (512): <span style="color:Red;text-align:left"><b>SQL Error:</b> 1054: Unknown column 'Category' in 'where clause'</span> in [/media/windows/wwwroot/diplomski/cake/libs/model/datasources/dbo_source.php, line 684]
2011-05-23 19:45:41 Warning: Warning (2): Invalid argument supplied for foreach() in [/media/windows/wwwroot/diplomski/app/controllers/pins_controller.php, line 73]
2011-05-23 19:45:41 Warning: Warning (2): Cannot modify header information - headers already sent by (output started at /media/windows/wwwroot/diplomski/cake/libs/debugger.php:673) in [/media/windows/wwwroot/diplomski/app/views/pins/list_markers.ctp, line 2]
2011-05-23 19:51:17 Warning: Warning (2): Cannot modify header information - headers already sent by (output started at /media/windows/wwwroot/diplomski/cake/basics.php:119) in [/media/windows/wwwroot/diplomski/app/views/pins/list_markers.ctp, line 2]
2011-05-23 19:56:30 Warning: Warning (512): <span style="color:Red;text-align:left"><b>SQL Error:</b> 1054: Unknown column 'CategoriesPin.category_id' in 'where clause'</span> in [/media/windows/wwwroot/diplomski/cake/libs/model/datasources/dbo_source.php, line 684]
2011-05-23 19:56:31 Warning: Warning (2): Invalid argument supplied for foreach() in [/media/windows/wwwroot/diplomski/app/controllers/pins_controller.php, line 74]
2011-05-23 19:56:31 Warning: Warning (2): Cannot modify header information - headers already sent by (output started at /media/windows/wwwroot/diplomski/cake/libs/debugger.php:673) in [/media/windows/wwwroot/diplomski/app/views/pins/list_markers.ctp, line 2]
2011-05-23 19:58:28 Warning: Warning (2): Cannot modify header information - headers already sent by (output started at /media/windows/wwwroot/diplomski/cake/basics.php:119) in [/media/windows/wwwroot/diplomski/app/views/pins/list_markers.ctp, line 2]
